ERROR - 2022-10-24 00:13:07 --> mysqli_sql_exception: Unknown column 'verifikasi' in 'field list' in C:\laragon\www\kampus-bersama\vendor\codeigniter4\framework\system\Database\MySQLi\Connection.php:292
Stack trace:
#0 C:\laragon\www\kampus-bersama\vendor\codeigniter4\framework\system\Database\MySQLi\Connection.php(292): mysqli->query('INSERT INTO `us...', 0)
#1 C:\laragon\www\kampus-bersama\vendor\codeigniter4\framework\system\Database\BaseConnection.php(693): CodeIgniter\Database\MySQLi\Connection->execute('INSERT INTO `us...')
#2 C:\laragon\www\kampus-bersama\vendor\codeigniter4\framework\system\Database\BaseConnection.php(620): CodeIgniter\Database\BaseConnection->simpleQuery('INSERT INTO `us...')
#3 C:\laragon\www\kampus-bersama\vendor\codeigniter4\framework\system\Database\BaseBuilder.php(1916): CodeIgniter\Database\BaseConnection->query('INSERT INTO `us...', Array, false)
#4 C:\laragon\www\kampus-bersama\vendor\codeigniter4\framework\system\Model.php(279): CodeIgniter\Database\BaseBuilder->insert()
#5 C:\laragon\www\kampus-bersama\vendor\codeigniter4\framework\system\BaseModel.php(748): CodeIgniter\Model->doInsert(Array)
#6 C:\laragon\www\kampus-bersama\vendor\codeigniter4\framework\system\Model.php(667): CodeIgniter\BaseModel->insert(Array, false)
#7 C:\laragon\www\kampus-bersama\vendor\codeigniter4\framework\system\BaseModel.php(658): CodeIgniter\Model->insert(Array, false)
#8 C:\laragon\www\kampus-bersama\app\Controllers\Registrasi.php(190): CodeIgniter\BaseModel->save(Array)
#9 C:\laragon\www\kampus-bersama\vendor\codeigniter4\framework\system\CodeIgniter.php(902): App\Controllers\Registrasi->registrasi_kampus()
#10 C:\laragon\www\kampus-bersama\vendor\codeigniter4\framework\system\CodeIgniter.php(457): CodeIgniter\CodeIgniter->runController(Object(App\Controllers\Registrasi))
#11 C:\laragon\www\kampus-bersama\vendor\codeigniter4\framework\system\CodeIgniter.php(340): CodeIgniter\CodeIgniter->handleRequest(NULL, Object(Config\Cache), false)
#12 C:\laragon\www\kampus-bersama\public\index.php(67): CodeIgniter\CodeIgniter->run()
#13 {main}
CRITICAL - 2022-10-24 00:13:07 --> Unknown column 'verifikasi' in 'field list'
in SYSTEMPATH\Database\MySQLi\Connection.php on line 292.
 1 SYSTEMPATH\Database\MySQLi\Connection.php(292): mysqli->query('INSERT INTO `user_manager` (`nama`, `email`, `telp`, `password`, `role`, `alamat_detail`, `alamat_kecamatan`, `alamat_kabupaten`, `alamat_provinsi`, `kode_pos`, `verifikasi`, `created_at`, `updated_at`) VALUES (\'Dikti\', \'admin@dikti.go.id\', \'08123123782347\', \'$2y$10$Wl548b9SeeVJJ62QS1p9xe/cv.wP1AmpU47yVFZHzimxcxxTsjS6a\', \'KAMPUS\', \'Jakarta\', \'Purwokerto Utara\', \'Kabupaten Banyumas\', \'DKI Jakarta\', \'53183\', 0, \'2022-10-24 00:13:07\', \'2022-10-24 00:13:07\')', 0)
 2 SYSTEMPATH\Database\BaseConnection.php(693): CodeIgniter\Database\MySQLi\Connection->execute('INSERT INTO `user_manager` (`nama`, `email`, `telp`, `password`, `role`, `alamat_detail`, `alamat_kecamatan`, `alamat_kabupaten`, `alamat_provinsi`, `kode_pos`, `verifikasi`, `created_at`, `updated_at`) VALUES (\'Dikti\', \'admin@dikti.go.id\', \'08123123782347\', \'$2y$10$Wl548b9SeeVJJ62QS1p9xe/cv.wP1AmpU47yVFZHzimxcxxTsjS6a\', \'KAMPUS\', \'Jakarta\', \'Purwokerto Utara\', \'Kabupaten Banyumas\', \'DKI Jakarta\', \'53183\', 0, \'2022-10-24 00:13:07\', \'2022-10-24 00:13:07\')')
 3 SYSTEMPATH\Database\BaseConnection.php(620): CodeIgniter\Database\BaseConnection->simpleQuery('INSERT INTO `user_manager` (`nama`, `email`, `telp`, `password`, `role`, `alamat_detail`, `alamat_kecamatan`, `alamat_kabupaten`, `alamat_provinsi`, `kode_pos`, `verifikasi`, `created_at`, `updated_at`) VALUES (\'Dikti\', \'admin@dikti.go.id\', \'08123123782347\', \'$2y$10$Wl548b9SeeVJJ62QS1p9xe/cv.wP1AmpU47yVFZHzimxcxxTsjS6a\', \'KAMPUS\', \'Jakarta\', \'Purwokerto Utara\', \'Kabupaten Banyumas\', \'DKI Jakarta\', \'53183\', 0, \'2022-10-24 00:13:07\', \'2022-10-24 00:13:07\')')
 4 SYSTEMPATH\Database\BaseBuilder.php(1916): CodeIgniter\Database\BaseConnection->query('INSERT INTO `user_manager` (`nama`, `email`, `telp`, `password`, `role`, `alamat_detail`, `alamat_kecamatan`, `alamat_kabupaten`, `alamat_provinsi`, `kode_pos`, `verifikasi`, `created_at`, `updated_at`) VALUES (:nama:, :email:, :telp:, :password:, :role:, :alamat_detail:, :alamat_kecamatan:, :alamat_kabupaten:, :alamat_provinsi:, :kode_pos:, :verifikasi:, :created_at:, :updated_at:)', [...], false)
 5 SYSTEMPATH\Model.php(279): CodeIgniter\Database\BaseBuilder->insert()
 6 SYSTEMPATH\BaseModel.php(748): CodeIgniter\Model->doInsert([...])
 7 SYSTEMPATH\Model.php(667): CodeIgniter\BaseModel->insert([...], false)
 8 SYSTEMPATH\BaseModel.php(658): CodeIgniter\Model->insert([...], false)
 9 APPPATH\Controllers\Registrasi.php(190): CodeIgniter\BaseModel->save([...])
10 SYSTEMPATH\CodeIgniter.php(902): App\Controllers\Registrasi->registrasi_kampus()
11 SYSTEMPATH\CodeIgniter.php(457): CodeIgniter\CodeIgniter->runController(Object(App\Controllers\Registrasi))
12 SYSTEMPATH\CodeIgniter.php(340): CodeIgniter\CodeIgniter->handleRequest(null, Object(Config\Cache), false)
13 FCPATH\index.php(67): CodeIgniter\CodeIgniter->run()
ERROR - 2022-10-24 00:13:15 --> mysqli_sql_exception: Unknown column 'verifikasi' in 'field list' in C:\laragon\www\kampus-bersama\vendor\codeigniter4\framework\system\Database\MySQLi\Connection.php:292
Stack trace:
#0 C:\laragon\www\kampus-bersama\vendor\codeigniter4\framework\system\Database\MySQLi\Connection.php(292): mysqli->query('INSERT INTO `us...', 0)
#1 C:\laragon\www\kampus-bersama\vendor\codeigniter4\framework\system\Database\BaseConnection.php(693): CodeIgniter\Database\MySQLi\Connection->execute('INSERT INTO `us...')
#2 C:\laragon\www\kampus-bersama\vendor\codeigniter4\framework\system\Database\BaseConnection.php(620): CodeIgniter\Database\BaseConnection->simpleQuery('INSERT INTO `us...')
#3 C:\laragon\www\kampus-bersama\vendor\codeigniter4\framework\system\Database\BaseBuilder.php(1916): CodeIgniter\Database\BaseConnection->query('INSERT INTO `us...', Array, false)
#4 C:\laragon\www\kampus-bersama\vendor\codeigniter4\framework\system\Model.php(279): CodeIgniter\Database\BaseBuilder->insert()
#5 C:\laragon\www\kampus-bersama\vendor\codeigniter4\framework\system\BaseModel.php(748): CodeIgniter\Model->doInsert(Array)
#6 C:\laragon\www\kampus-bersama\vendor\codeigniter4\framework\system\Model.php(667): CodeIgniter\BaseModel->insert(Array, false)
#7 C:\laragon\www\kampus-bersama\vendor\codeigniter4\framework\system\BaseModel.php(658): CodeIgniter\Model->insert(Array, false)
#8 C:\laragon\www\kampus-bersama\app\Controllers\Registrasi.php(190): CodeIgniter\BaseModel->save(Array)
#9 C:\laragon\www\kampus-bersama\vendor\codeigniter4\framework\system\CodeIgniter.php(902): App\Controllers\Registrasi->registrasi_kampus()
#10 C:\laragon\www\kampus-bersama\vendor\codeigniter4\framework\system\CodeIgniter.php(457): CodeIgniter\CodeIgniter->runController(Object(App\Controllers\Registrasi))
#11 C:\laragon\www\kampus-bersama\vendor\codeigniter4\framework\system\CodeIgniter.php(340): CodeIgniter\CodeIgniter->handleRequest(NULL, Object(Config\Cache), false)
#12 C:\laragon\www\kampus-bersama\public\index.php(67): CodeIgniter\CodeIgniter->run()
#13 {main}
CRITICAL - 2022-10-24 00:13:15 --> Unknown column 'verifikasi' in 'field list'
in SYSTEMPATH\Database\MySQLi\Connection.php on line 292.
 1 SYSTEMPATH\Database\MySQLi\Connection.php(292): mysqli->query('INSERT INTO `user_manager` (`nama`, `email`, `telp`, `password`, `role`, `alamat_detail`, `alamat_kecamatan`, `alamat_kabupaten`, `alamat_provinsi`, `kode_pos`, `verifikasi`, `created_at`, `updated_at`) VALUES (\'Dikti\', \'admin@dikti.go.id\', \'08123123782347\', \'$2y$10$XaQmxiJUh4u763aNYjLWJe5qZC.KOvEtH9mzntXhIi0JvvpuhTabO\', \'KAMPUS\', \'Jakarta\', \'Purwokerto Utara\', \'Kabupaten Banyumas\', \'DKI Jakarta\', \'53183\', 0, \'2022-10-24 00:13:15\', \'2022-10-24 00:13:15\')', 0)
 2 SYSTEMPATH\Database\BaseConnection.php(693): CodeIgniter\Database\MySQLi\Connection->execute('INSERT INTO `user_manager` (`nama`, `email`, `telp`, `password`, `role`, `alamat_detail`, `alamat_kecamatan`, `alamat_kabupaten`, `alamat_provinsi`, `kode_pos`, `verifikasi`, `created_at`, `updated_at`) VALUES (\'Dikti\', \'admin@dikti.go.id\', \'08123123782347\', \'$2y$10$XaQmxiJUh4u763aNYjLWJe5qZC.KOvEtH9mzntXhIi0JvvpuhTabO\', \'KAMPUS\', \'Jakarta\', \'Purwokerto Utara\', \'Kabupaten Banyumas\', \'DKI Jakarta\', \'53183\', 0, \'2022-10-24 00:13:15\', \'2022-10-24 00:13:15\')')
 3 SYSTEMPATH\Database\BaseConnection.php(620): CodeIgniter\Database\BaseConnection->simpleQuery('INSERT INTO `user_manager` (`nama`, `email`, `telp`, `password`, `role`, `alamat_detail`, `alamat_kecamatan`, `alamat_kabupaten`, `alamat_provinsi`, `kode_pos`, `verifikasi`, `created_at`, `updated_at`) VALUES (\'Dikti\', \'admin@dikti.go.id\', \'08123123782347\', \'$2y$10$XaQmxiJUh4u763aNYjLWJe5qZC.KOvEtH9mzntXhIi0JvvpuhTabO\', \'KAMPUS\', \'Jakarta\', \'Purwokerto Utara\', \'Kabupaten Banyumas\', \'DKI Jakarta\', \'53183\', 0, \'2022-10-24 00:13:15\', \'2022-10-24 00:13:15\')')
 4 SYSTEMPATH\Database\BaseBuilder.php(1916): CodeIgniter\Database\BaseConnection->query('INSERT INTO `user_manager` (`nama`, `email`, `telp`, `password`, `role`, `alamat_detail`, `alamat_kecamatan`, `alamat_kabupaten`, `alamat_provinsi`, `kode_pos`, `verifikasi`, `created_at`, `updated_at`) VALUES (:nama:, :email:, :telp:, :password:, :role:, :alamat_detail:, :alamat_kecamatan:, :alamat_kabupaten:, :alamat_provinsi:, :kode_pos:, :verifikasi:, :created_at:, :updated_at:)', [...], false)
 5 SYSTEMPATH\Model.php(279): CodeIgniter\Database\BaseBuilder->insert()
 6 SYSTEMPATH\BaseModel.php(748): CodeIgniter\Model->doInsert([...])
 7 SYSTEMPATH\Model.php(667): CodeIgniter\BaseModel->insert([...], false)
 8 SYSTEMPATH\BaseModel.php(658): CodeIgniter\Model->insert([...], false)
 9 APPPATH\Controllers\Registrasi.php(190): CodeIgniter\BaseModel->save([...])
10 SYSTEMPATH\CodeIgniter.php(902): App\Controllers\Registrasi->registrasi_kampus()
11 SYSTEMPATH\CodeIgniter.php(457): CodeIgniter\CodeIgniter->runController(Object(App\Controllers\Registrasi))
12 SYSTEMPATH\CodeIgniter.php(340): CodeIgniter\CodeIgniter->handleRequest(null, Object(Config\Cache), false)
13 FCPATH\index.php(67): CodeIgniter\CodeIgniter->run()
