CRITICAL - 2022-10-18 08:02:25 --> Undefined property: App\Controllers\Registrasi::$validate
in APPPATH\Controllers\Registrasi.php on line 58.
 1 APPPATH\Controllers\Registrasi.php(58): CodeIgniter\Debug\Exceptions->errorHandler(8, 'Undefined property: App\\Controllers\\Registrasi::$validate', 'APPPATH\\Controllers\\Registrasi.php', 58, [...])
 2 SYSTEMPATH\CodeIgniter.php(902): App\Controllers\Registrasi->registrasi_learner()
 3 SYSTEMPATH\CodeIgniter.php(457): CodeIgniter\CodeIgniter->runController(Object(App\Controllers\Registrasi))
 4 SYSTEMPATH\CodeIgniter.php(340): CodeIgniter\CodeIgniter->handleRequest(null, Object(Config\Cache), false)
 5 FCPATH\index.php(67): CodeIgniter\CodeIgniter->run()
CRITICAL - 2022-10-18 08:04:28 --> Undefined property: App\Controllers\Registrasi::$validate
in APPPATH\Controllers\Registrasi.php on line 54.
 1 APPPATH\Controllers\Registrasi.php(54): CodeIgniter\Debug\Exceptions->errorHandler(8, 'Undefined property: App\\Controllers\\Registrasi::$validate', 'APPPATH\\Controllers\\Registrasi.php', 54, [...])
 2 SYSTEMPATH\CodeIgniter.php(902): App\Controllers\Registrasi->registrasi_learner()
 3 SYSTEMPATH\CodeIgniter.php(457): CodeIgniter\CodeIgniter->runController(Object(App\Controllers\Registrasi))
 4 SYSTEMPATH\CodeIgniter.php(340): CodeIgniter\CodeIgniter->handleRequest(null, Object(Config\Cache), false)
 5 FCPATH\index.php(67): CodeIgniter\CodeIgniter->run()
CRITICAL - 2022-10-18 08:04:54 --> Undefined property: App\Controllers\Registrasi::$validate
in APPPATH\Controllers\Registrasi.php on line 54.
 1 APPPATH\Controllers\Registrasi.php(54): CodeIgniter\Debug\Exceptions->errorHandler(8, 'Undefined property: App\\Controllers\\Registrasi::$validate', 'APPPATH\\Controllers\\Registrasi.php', 54, [...])
 2 SYSTEMPATH\CodeIgniter.php(902): App\Controllers\Registrasi->registrasi_learner()
 3 SYSTEMPATH\CodeIgniter.php(457): CodeIgniter\CodeIgniter->runController(Object(App\Controllers\Registrasi))
 4 SYSTEMPATH\CodeIgniter.php(340): CodeIgniter\CodeIgniter->handleRequest(null, Object(Config\Cache), false)
 5 FCPATH\index.php(67): CodeIgniter\CodeIgniter->run()
CRITICAL - 2022-10-18 08:06:39 --> Undefined property: App\Controllers\Registrasi::$validate
in APPPATH\Controllers\Registrasi.php on line 54.
 1 APPPATH\Controllers\Registrasi.php(54): CodeIgniter\Debug\Exceptions->errorHandler(8, 'Undefined property: App\\Controllers\\Registrasi::$validate', 'APPPATH\\Controllers\\Registrasi.php', 54, [...])
 2 SYSTEMPATH\CodeIgniter.php(902): App\Controllers\Registrasi->registrasi_learner()
 3 SYSTEMPATH\CodeIgniter.php(457): CodeIgniter\CodeIgniter->runController(Object(App\Controllers\Registrasi))
 4 SYSTEMPATH\CodeIgniter.php(340): CodeIgniter\CodeIgniter->handleRequest(null, Object(Config\Cache), false)
 5 FCPATH\index.php(67): CodeIgniter\CodeIgniter->run()
CRITICAL - 2022-10-18 08:06:56 --> Undefined property: App\Controllers\Registrasi::$validate
in APPPATH\Controllers\Registrasi.php on line 54.
 1 APPPATH\Controllers\Registrasi.php(54): CodeIgniter\Debug\Exceptions->errorHandler(8, 'Undefined property: App\\Controllers\\Registrasi::$validate', 'APPPATH\\Controllers\\Registrasi.php', 54, [...])
 2 SYSTEMPATH\CodeIgniter.php(902): App\Controllers\Registrasi->registrasi_learner()
 3 SYSTEMPATH\CodeIgniter.php(457): CodeIgniter\CodeIgniter->runController(Object(App\Controllers\Registrasi))
 4 SYSTEMPATH\CodeIgniter.php(340): CodeIgniter\CodeIgniter->handleRequest(null, Object(Config\Cache), false)
 5 FCPATH\index.php(67): CodeIgniter\CodeIgniter->run()
CRITICAL - 2022-10-18 08:07:40 --> Undefined property: App\Controllers\Registrasi::$validate
in APPPATH\Controllers\Registrasi.php on line 54.
 1 APPPATH\Controllers\Registrasi.php(54): CodeIgniter\Debug\Exceptions->errorHandler(8, 'Undefined property: App\\Controllers\\Registrasi::$validate', 'APPPATH\\Controllers\\Registrasi.php', 54, [...])
 2 SYSTEMPATH\CodeIgniter.php(902): App\Controllers\Registrasi->registrasi_learner()
 3 SYSTEMPATH\CodeIgniter.php(457): CodeIgniter\CodeIgniter->runController(Object(App\Controllers\Registrasi))
 4 SYSTEMPATH\CodeIgniter.php(340): CodeIgniter\CodeIgniter->handleRequest(null, Object(Config\Cache), false)
 5 FCPATH\index.php(67): CodeIgniter\CodeIgniter->run()
CRITICAL - 2022-10-18 08:09:13 --> Undefined property: App\Controllers\Registrasi::$validate
in APPPATH\Controllers\Registrasi.php on line 54.
 1 APPPATH\Controllers\Registrasi.php(54): CodeIgniter\Debug\Exceptions->errorHandler(8, 'Undefined property: App\\Controllers\\Registrasi::$validate', 'APPPATH\\Controllers\\Registrasi.php', 54, [...])
 2 SYSTEMPATH\CodeIgniter.php(902): App\Controllers\Registrasi->registrasi_learner()
 3 SYSTEMPATH\CodeIgniter.php(457): CodeIgniter\CodeIgniter->runController(Object(App\Controllers\Registrasi))
 4 SYSTEMPATH\CodeIgniter.php(340): CodeIgniter\CodeIgniter->handleRequest(null, Object(Config\Cache), false)
 5 FCPATH\index.php(67): CodeIgniter\CodeIgniter->run()
CRITICAL - 2022-10-18 08:10:00 --> Call to undefined method CodeIgniter\Validation\Validation::validation_errors()
in APPPATH\Controllers\Registrasi.php on line 55.
 1 SYSTEMPATH\CodeIgniter.php(902): App\Controllers\Registrasi->registrasi_learner()
 2 SYSTEMPATH\CodeIgniter.php(457): CodeIgniter\CodeIgniter->runController(Object(App\Controllers\Registrasi))
 3 SYSTEMPATH\CodeIgniter.php(340): CodeIgniter\CodeIgniter->handleRequest(null, Object(Config\Cache), false)
 4 FCPATH\index.php(67): CodeIgniter\CodeIgniter->run()
CRITICAL - 2022-10-18 08:10:43 --> Undefined property: App\Controllers\Registrasi::$validate
in APPPATH\Controllers\Registrasi.php on line 55.
 1 APPPATH\Controllers\Registrasi.php(55): CodeIgniter\Debug\Exceptions->errorHandler(8, 'Undefined property: App\\Controllers\\Registrasi::$validate', 'APPPATH\\Controllers\\Registrasi.php', 55, [...])
 2 SYSTEMPATH\CodeIgniter.php(902): App\Controllers\Registrasi->registrasi_learner()
 3 SYSTEMPATH\CodeIgniter.php(457): CodeIgniter\CodeIgniter->runController(Object(App\Controllers\Registrasi))
 4 SYSTEMPATH\CodeIgniter.php(340): CodeIgniter\CodeIgniter->handleRequest(null, Object(Config\Cache), false)
 5 FCPATH\index.php(67): CodeIgniter\CodeIgniter->run()
CRITICAL - 2022-10-18 08:11:03 --> Undefined property: App\Controllers\Registrasi::$validate
in APPPATH\Controllers\Registrasi.php on line 55.
 1 APPPATH\Controllers\Registrasi.php(55): CodeIgniter\Debug\Exceptions->errorHandler(8, 'Undefined property: App\\Controllers\\Registrasi::$validate', 'APPPATH\\Controllers\\Registrasi.php', 55, [...])
 2 SYSTEMPATH\CodeIgniter.php(902): App\Controllers\Registrasi->registrasi_learner()
 3 SYSTEMPATH\CodeIgniter.php(457): CodeIgniter\CodeIgniter->runController(Object(App\Controllers\Registrasi))
 4 SYSTEMPATH\CodeIgniter.php(340): CodeIgniter\CodeIgniter->handleRequest(null, Object(Config\Cache), false)
 5 FCPATH\index.php(67): CodeIgniter\CodeIgniter->run()
CRITICAL - 2022-10-18 08:11:16 --> Undefined property: App\Controllers\Registrasi::$validate
in APPPATH\Controllers\Registrasi.php on line 55.
 1 APPPATH\Controllers\Registrasi.php(55): CodeIgniter\Debug\Exceptions->errorHandler(8, 'Undefined property: App\\Controllers\\Registrasi::$validate', 'APPPATH\\Controllers\\Registrasi.php', 55, [...])
 2 SYSTEMPATH\CodeIgniter.php(902): App\Controllers\Registrasi->registrasi_learner()
 3 SYSTEMPATH\CodeIgniter.php(457): CodeIgniter\CodeIgniter->runController(Object(App\Controllers\Registrasi))
 4 SYSTEMPATH\CodeIgniter.php(340): CodeIgniter\CodeIgniter->handleRequest(null, Object(Config\Cache), false)
 5 FCPATH\index.php(67): CodeIgniter\CodeIgniter->run()
CRITICAL - 2022-10-18 08:12:46 --> Undefined property: App\Controllers\Registrasi::$load
in APPPATH\Controllers\Registrasi.php on line 22.
 1 APPPATH\Controllers\Registrasi.php(22): CodeIgniter\Debug\Exceptions->errorHandler(8, 'Undefined property: App\\Controllers\\Registrasi::$load', 'APPPATH\\Controllers\\Registrasi.php', 22, [])
 2 SYSTEMPATH\CodeIgniter.php(902): App\Controllers\Registrasi->registrasi_learner()
 3 SYSTEMPATH\CodeIgniter.php(457): CodeIgniter\CodeIgniter->runController(Object(App\Controllers\Registrasi))
 4 SYSTEMPATH\CodeIgniter.php(340): CodeIgniter\CodeIgniter->handleRequest(null, Object(Config\Cache), false)
 5 FCPATH\index.php(67): CodeIgniter\CodeIgniter->run()
CRITICAL - 2022-10-18 08:16:26 --> Undefined property: App\Controllers\Registrasi::$validate
in APPPATH\Controllers\Registrasi.php on line 54.
 1 APPPATH\Controllers\Registrasi.php(54): CodeIgniter\Debug\Exceptions->errorHandler(8, 'Undefined property: App\\Controllers\\Registrasi::$validate', 'APPPATH\\Controllers\\Registrasi.php', 54, [...])
 2 SYSTEMPATH\CodeIgniter.php(902): App\Controllers\Registrasi->registrasi_learner()
 3 SYSTEMPATH\CodeIgniter.php(457): CodeIgniter\CodeIgniter->runController(Object(App\Controllers\Registrasi))
 4 SYSTEMPATH\CodeIgniter.php(340): CodeIgniter\CodeIgniter->handleRequest(null, Object(Config\Cache), false)
 5 FCPATH\index.php(67): CodeIgniter\CodeIgniter->run()
CRITICAL - 2022-10-18 08:16:43 --> Call to undefined method CodeIgniter\Validation\Validation::errors()
in APPPATH\Controllers\Registrasi.php on line 54.
 1 SYSTEMPATH\CodeIgniter.php(902): App\Controllers\Registrasi->registrasi_learner()
 2 SYSTEMPATH\CodeIgniter.php(457): CodeIgniter\CodeIgniter->runController(Object(App\Controllers\Registrasi))
 3 SYSTEMPATH\CodeIgniter.php(340): CodeIgniter\CodeIgniter->handleRequest(null, Object(Config\Cache), false)
 4 FCPATH\index.php(67): CodeIgniter\CodeIgniter->run()
CRITICAL - 2022-10-18 08:31:17 --> Undefined property: App\Controllers\Registrasi::$validate
in APPPATH\Controllers\Registrasi.php on line 55.
 1 APPPATH\Controllers\Registrasi.php(55): CodeIgniter\Debug\Exceptions->errorHandler(8, 'Undefined property: App\\Controllers\\Registrasi::$validate', 'APPPATH\\Controllers\\Registrasi.php', 55, [...])
 2 SYSTEMPATH\CodeIgniter.php(902): App\Controllers\Registrasi->registrasi_learner()
 3 SYSTEMPATH\CodeIgniter.php(457): CodeIgniter\CodeIgniter->runController(Object(App\Controllers\Registrasi))
 4 SYSTEMPATH\CodeIgniter.php(340): CodeIgniter\CodeIgniter->handleRequest(null, Object(Config\Cache), false)
 5 FCPATH\index.php(67): CodeIgniter\CodeIgniter->run()
CRITICAL - 2022-10-18 08:31:34 --> Undefined property: App\Controllers\Registrasi::$validate
in APPPATH\Controllers\Registrasi.php on line 54.
 1 APPPATH\Controllers\Registrasi.php(54): CodeIgniter\Debug\Exceptions->errorHandler(8, 'Undefined property: App\\Controllers\\Registrasi::$validate', 'APPPATH\\Controllers\\Registrasi.php', 54, [...])
 2 SYSTEMPATH\CodeIgniter.php(902): App\Controllers\Registrasi->registrasi_learner()
 3 SYSTEMPATH\CodeIgniter.php(457): CodeIgniter\CodeIgniter->runController(Object(App\Controllers\Registrasi))
 4 SYSTEMPATH\CodeIgniter.php(340): CodeIgniter\CodeIgniter->handleRequest(null, Object(Config\Cache), false)
 5 FCPATH\index.php(67): CodeIgniter\CodeIgniter->run()
CRITICAL - 2022-10-18 08:39:35 --> Undefined property: App\Controllers\Registrasi::$validate
in APPPATH\Controllers\Registrasi.php on line 54.
 1 APPPATH\Controllers\Registrasi.php(54): CodeIgniter\Debug\Exceptions->errorHandler(8, 'Undefined property: App\\Controllers\\Registrasi::$validate', 'APPPATH\\Controllers\\Registrasi.php', 54, [...])
 2 SYSTEMPATH\CodeIgniter.php(902): App\Controllers\Registrasi->registrasi_learner()
 3 SYSTEMPATH\CodeIgniter.php(457): CodeIgniter\CodeIgniter->runController(Object(App\Controllers\Registrasi))
 4 SYSTEMPATH\CodeIgniter.php(340): CodeIgniter\CodeIgniter->handleRequest(null, Object(Config\Cache), false)
 5 FCPATH\index.php(67): CodeIgniter\CodeIgniter->run()
CRITICAL - 2022-10-18 08:41:18 --> Call to undefined method CodeIgniter\Validation\Validation::errors()
in APPPATH\Controllers\Registrasi.php on line 55.
 1 SYSTEMPATH\CodeIgniter.php(902): App\Controllers\Registrasi->registrasi_learner()
 2 SYSTEMPATH\CodeIgniter.php(457): CodeIgniter\CodeIgniter->runController(Object(App\Controllers\Registrasi))
 3 SYSTEMPATH\CodeIgniter.php(340): CodeIgniter\CodeIgniter->handleRequest(null, Object(Config\Cache), false)
 4 FCPATH\index.php(67): CodeIgniter\CodeIgniter->run()
CRITICAL - 2022-10-18 08:59:58 --> Call to undefined method CodeIgniter\Validation\Validation::display_error()
in APPPATH\Controllers\Registrasi.php on line 57.
 1 SYSTEMPATH\CodeIgniter.php(902): App\Controllers\Registrasi->registrasi_learner()
 2 SYSTEMPATH\CodeIgniter.php(457): CodeIgniter\CodeIgniter->runController(Object(App\Controllers\Registrasi))
 3 SYSTEMPATH\CodeIgniter.php(340): CodeIgniter\CodeIgniter->handleRequest(null, Object(Config\Cache), false)
 4 FCPATH\index.php(67): CodeIgniter\CodeIgniter->run()
CRITICAL - 2022-10-18 09:18:32 --> Undefined property: App\Controllers\Registrasi::$validate
in APPPATH\Controllers\Registrasi.php on line 55.
 1 APPPATH\Controllers\Registrasi.php(55): CodeIgniter\Debug\Exceptions->errorHandler(8, 'Undefined property: App\\Controllers\\Registrasi::$validate', 'APPPATH\\Controllers\\Registrasi.php', 55, [...])
 2 SYSTEMPATH\CodeIgniter.php(902): App\Controllers\Registrasi->registrasi_learner()
 3 SYSTEMPATH\CodeIgniter.php(457): CodeIgniter\CodeIgniter->runController(Object(App\Controllers\Registrasi))
 4 SYSTEMPATH\CodeIgniter.php(340): CodeIgniter\CodeIgniter->handleRequest(null, Object(Config\Cache), false)
 5 FCPATH\index.php(67): CodeIgniter\CodeIgniter->run()
CRITICAL - 2022-10-18 09:18:33 --> Undefined property: App\Controllers\Registrasi::$validate
in APPPATH\Controllers\Registrasi.php on line 55.
 1 APPPATH\Controllers\Registrasi.php(55): CodeIgniter\Debug\Exceptions->errorHandler(8, 'Undefined property: App\\Controllers\\Registrasi::$validate', 'APPPATH\\Controllers\\Registrasi.php', 55, [...])
 2 SYSTEMPATH\CodeIgniter.php(902): App\Controllers\Registrasi->registrasi_learner()
 3 SYSTEMPATH\CodeIgniter.php(457): CodeIgniter\CodeIgniter->runController(Object(App\Controllers\Registrasi))
 4 SYSTEMPATH\CodeIgniter.php(340): CodeIgniter\CodeIgniter->handleRequest(null, Object(Config\Cache), false)
 5 FCPATH\index.php(67): CodeIgniter\CodeIgniter->run()
CRITICAL - 2022-10-18 09:18:34 --> Undefined property: App\Controllers\Registrasi::$validate
in APPPATH\Controllers\Registrasi.php on line 55.
 1 APPPATH\Controllers\Registrasi.php(55): CodeIgniter\Debug\Exceptions->errorHandler(8, 'Undefined property: App\\Controllers\\Registrasi::$validate', 'APPPATH\\Controllers\\Registrasi.php', 55, [...])
 2 SYSTEMPATH\CodeIgniter.php(902): App\Controllers\Registrasi->registrasi_learner()
 3 SYSTEMPATH\CodeIgniter.php(457): CodeIgniter\CodeIgniter->runController(Object(App\Controllers\Registrasi))
 4 SYSTEMPATH\CodeIgniter.php(340): CodeIgniter\CodeIgniter->handleRequest(null, Object(Config\Cache), false)
 5 FCPATH\index.php(67): CodeIgniter\CodeIgniter->run()
CRITICAL - 2022-10-18 09:18:34 --> Undefined property: App\Controllers\Registrasi::$validate
in APPPATH\Controllers\Registrasi.php on line 55.
 1 APPPATH\Controllers\Registrasi.php(55): CodeIgniter\Debug\Exceptions->errorHandler(8, 'Undefined property: App\\Controllers\\Registrasi::$validate', 'APPPATH\\Controllers\\Registrasi.php', 55, [...])
 2 SYSTEMPATH\CodeIgniter.php(902): App\Controllers\Registrasi->registrasi_learner()
 3 SYSTEMPATH\CodeIgniter.php(457): CodeIgniter\CodeIgniter->runController(Object(App\Controllers\Registrasi))
 4 SYSTEMPATH\CodeIgniter.php(340): CodeIgniter\CodeIgniter->handleRequest(null, Object(Config\Cache), false)
 5 FCPATH\index.php(67): CodeIgniter\CodeIgniter->run()
