CRITICAL - 2022-10-23 01:26:52 --> Sebuah pembatas namespace adalah backslash (\), bukan slash (/). Rute penangan: \App\Controllers\Kampus/Dashboard::index
in SYSTEMPATH\Router\Router.php on line 466.
 1 SYSTEMPATH\Router\Router.php(466): CodeIgniter\Router\Exceptions\RouterException::forInvalidControllerName('\\App\\Controllers\\Kampus/Dashboard::index')
 2 SYSTEMPATH\Router\Router.php(181): CodeIgniter\Router\Router->checkRoutes('dashboard')
 3 SYSTEMPATH\CodeIgniter.php(777): CodeIgniter\Router\Router->handle('dashboard')
 4 SYSTEMPATH\CodeIgniter.php(406): CodeIgniter\CodeIgniter->tryToRouteIt(Object(CodeIgniter\Router\RouteCollection))
 5 SYSTEMPATH\CodeIgniter.php(340): CodeIgniter\CodeIgniter->handleRequest(null, Object(Config\Cache), false)
 6 FCPATH\index.php(67): CodeIgniter\CodeIgniter->run()
CRITICAL - 2022-10-23 01:27:08 --> Sebuah pembatas namespace adalah backslash (\), bukan slash (/). Rute penangan: \App\Controllers\Kampus/Dashboard::index
in SYSTEMPATH\Router\Router.php on line 466.
 1 SYSTEMPATH\Router\Router.php(466): CodeIgniter\Router\Exceptions\RouterException::forInvalidControllerName('\\App\\Controllers\\Kampus/Dashboard::index')
 2 SYSTEMPATH\Router\Router.php(181): CodeIgniter\Router\Router->checkRoutes('dashboard')
 3 SYSTEMPATH\CodeIgniter.php(777): CodeIgniter\Router\Router->handle('dashboard')
 4 SYSTEMPATH\CodeIgniter.php(406): CodeIgniter\CodeIgniter->tryToRouteIt(Object(CodeIgniter\Router\RouteCollection))
 5 SYSTEMPATH\CodeIgniter.php(340): CodeIgniter\CodeIgniter->handleRequest(null, Object(Config\Cache), false)
 6 FCPATH\index.php(67): CodeIgniter\CodeIgniter->run()
CRITICAL - 2022-10-23 01:29:57 --> Sebuah pembatas namespace adalah backslash (\), bukan slash (/). Rute penangan: \App\Controllers\Kampus/Dashboard::index
in SYSTEMPATH\Router\Router.php on line 466.
 1 SYSTEMPATH\Router\Router.php(466): CodeIgniter\Router\Exceptions\RouterException::forInvalidControllerName('\\App\\Controllers\\Kampus/Dashboard::index')
 2 SYSTEMPATH\Router\Router.php(181): CodeIgniter\Router\Router->checkRoutes('dashboard')
 3 SYSTEMPATH\CodeIgniter.php(777): CodeIgniter\Router\Router->handle('dashboard')
 4 SYSTEMPATH\CodeIgniter.php(406): CodeIgniter\CodeIgniter->tryToRouteIt(Object(CodeIgniter\Router\RouteCollection))
 5 SYSTEMPATH\CodeIgniter.php(340): CodeIgniter\CodeIgniter->handleRequest(null, Object(Config\Cache), false)
 6 FCPATH\index.php(67): CodeIgniter\CodeIgniter->run()
ERROR - 2022-10-23 02:19:10 --> Error connecting to the database: mysqli_sql_exception: Access denied for user 'root'@'localhost' (using password: YES) in C:\laragon\www\kampus-bersama\vendor\codeigniter4\framework\system\Database\MySQLi\Connection.php:171
Stack trace:
#0 C:\laragon\www\kampus-bersama\vendor\codeigniter4\framework\system\Database\MySQLi\Connection.php(171): mysqli->real_connect('localhost', 'root', 'root', 'ci4', 3306, '', 0)
#1 C:\laragon\www\kampus-bersama\vendor\codeigniter4\framework\system\Database\BaseConnection.php(382): CodeIgniter\Database\MySQLi\Connection->connect(false)
#2 C:\laragon\www\kampus-bersama\vendor\codeigniter4\framework\system\Database\BaseConnection.php(588): CodeIgniter\Database\BaseConnection->initialize()
#3 C:\laragon\www\kampus-bersama\vendor\codeigniter4\framework\system\Database\BaseBuilder.php(1585): CodeIgniter\Database\BaseConnection->query('SELECT 1\nFROM `...', Array, false)
#4 C:\laragon\www\kampus-bersama\vendor\codeigniter4\framework\system\Validation\Rules.php(142): CodeIgniter\Database\BaseBuilder->get()
#5 C:\laragon\www\kampus-bersama\vendor\codeigniter4\framework\system\Validation\Validation.php(315): CodeIgniter\Validation\Rules->is_unique('mufidz@amikompu...', 'email', Array, NULL, 'inputEmailMahas...')
#6 C:\laragon\www\kampus-bersama\vendor\codeigniter4\framework\system\Validation\Validation.php(175): CodeIgniter\Validation\Validation->processRules('inputEmailMahas...', 'Email', 'mufidz@amikompu...', Array, Array)
#7 C:\laragon\www\kampus-bersama\app\Controllers\Registrasi.php(69): CodeIgniter\Validation\Validation->run()
#8 C:\laragon\www\kampus-bersama\vendor\codeigniter4\framework\system\CodeIgniter.php(902): App\Controllers\Registrasi->registrasi_learner()
#9 C:\laragon\www\kampus-bersama\vendor\codeigniter4\framework\system\CodeIgniter.php(457): CodeIgniter\CodeIgniter->runController(Object(App\Controllers\Registrasi))
#10 C:\laragon\www\kampus-bersama\vendor\codeigniter4\framework\system\CodeIgniter.php(340): CodeIgniter\CodeIgniter->handleRequest(NULL, Object(Config\Cache), false)
#11 C:\laragon\www\kampus-bersama\public\index.php(67): CodeIgniter\CodeIgniter->run()
#12 {main}

Next CodeIgniter\Database\Exceptions\DatabaseException: Access denied for user '****'@'localhost' (using password: YES) in C:\laragon\www\kampus-bersama\vendor\codeigniter4\framework\system\Database\MySQLi\Connection.php:215
Stack trace:
#0 C:\laragon\www\kampus-bersama\vendor\codeigniter4\framework\system\Database\BaseConnection.php(382): CodeIgniter\Database\MySQLi\Connection->connect(false)
#1 C:\laragon\www\kampus-bersama\vendor\codeigniter4\framework\system\Database\BaseConnection.php(588): CodeIgniter\Database\BaseConnection->initialize()
#2 C:\laragon\www\kampus-bersama\vendor\codeigniter4\framework\system\Database\BaseBuilder.php(1585): CodeIgniter\Database\BaseConnection->query('SELECT 1\nFROM `...', Array, false)
#3 C:\laragon\www\kampus-bersama\vendor\codeigniter4\framework\system\Validation\Rules.php(142): CodeIgniter\Database\BaseBuilder->get()
#4 C:\laragon\www\kampus-bersama\vendor\codeigniter4\framework\system\Validation\Validation.php(315): CodeIgniter\Validation\Rules->is_unique('mufidz@amikompu...', 'email', Array, NULL, 'inputEmailMahas...')
#5 C:\laragon\www\kampus-bersama\vendor\codeigniter4\framework\system\Validation\Validation.php(175): CodeIgniter\Validation\Validation->processRules('inputEmailMahas...', 'Email', 'mufidz@amikompu...', Array, Array)
#6 C:\laragon\www\kampus-bersama\app\Controllers\Registrasi.php(69): CodeIgniter\Validation\Validation->run()
#7 C:\laragon\www\kampus-bersama\vendor\codeigniter4\framework\system\CodeIgniter.php(902): App\Controllers\Registrasi->registrasi_learner()
#8 C:\laragon\www\kampus-bersama\vendor\codeigniter4\framework\system\CodeIgniter.php(457): CodeIgniter\CodeIgniter->runController(Object(App\Controllers\Registrasi))
#9 C:\laragon\www\kampus-bersama\vendor\codeigniter4\framework\system\CodeIgniter.php(340): CodeIgniter\CodeIgniter->handleRequest(NULL, Object(Config\Cache), false)
#10 C:\laragon\www\kampus-bersama\public\index.php(67): CodeIgniter\CodeIgniter->run()
#11 {main}
CRITICAL - 2022-10-23 02:19:10 --> Unable to connect to the database.
Main connection [MySQLi]: Access denied for user '****'@'localhost' (using password: YES)
in SYSTEMPATH\Database\BaseConnection.php on line 418.
 1 SYSTEMPATH\Database\BaseConnection.php(588): CodeIgniter\Database\BaseConnection->initialize()
 2 SYSTEMPATH\Database\BaseBuilder.php(1585): CodeIgniter\Database\BaseConnection->query('SELECT 1
FROM `user_learner`
WHERE `email` = :email:
 LIMIT 1', [...], false)
 3 SYSTEMPATH\Validation\Rules.php(142): CodeIgniter\Database\BaseBuilder->get()
 4 SYSTEMPATH\Validation\Validation.php(315): CodeIgniter\Validation\Rules->is_unique('mufidz@amikompurwokerto.ac.id', 'email', [...], null, 'inputEmailMahasiswa')
 5 SYSTEMPATH\Validation\Validation.php(175): CodeIgniter\Validation\Validation->processRules('inputEmailMahasiswa', 'Email', 'mufidz@amikompurwokerto.ac.id', [...], [...])
 6 APPPATH\Controllers\Registrasi.php(69): CodeIgniter\Validation\Validation->run()
 7 SYSTEMPATH\CodeIgniter.php(902): App\Controllers\Registrasi->registrasi_learner()
 8 SYSTEMPATH\CodeIgniter.php(457): CodeIgniter\CodeIgniter->runController(Object(App\Controllers\Registrasi))
 9 SYSTEMPATH\CodeIgniter.php(340): CodeIgniter\CodeIgniter->handleRequest(null, Object(Config\Cache), false)
10 FCPATH\index.php(67): CodeIgniter\CodeIgniter->run()
ERROR - 2022-10-23 02:19:12 --> Error connecting to the database: mysqli_sql_exception: Access denied for user 'root'@'localhost' (using password: YES) in C:\laragon\www\kampus-bersama\vendor\codeigniter4\framework\system\Database\MySQLi\Connection.php:171
Stack trace:
#0 C:\laragon\www\kampus-bersama\vendor\codeigniter4\framework\system\Database\MySQLi\Connection.php(171): mysqli->real_connect('localhost', 'root', 'root', 'ci4', 3306, '', 0)
#1 C:\laragon\www\kampus-bersama\vendor\codeigniter4\framework\system\Database\BaseConnection.php(382): CodeIgniter\Database\MySQLi\Connection->connect(false)
#2 C:\laragon\www\kampus-bersama\vendor\codeigniter4\framework\system\Database\BaseConnection.php(588): CodeIgniter\Database\BaseConnection->initialize()
#3 C:\laragon\www\kampus-bersama\vendor\codeigniter4\framework\system\Database\BaseBuilder.php(1585): CodeIgniter\Database\BaseConnection->query('SELECT 1\nFROM `...', Array, false)
#4 C:\laragon\www\kampus-bersama\vendor\codeigniter4\framework\system\Validation\Rules.php(142): CodeIgniter\Database\BaseBuilder->get()
#5 C:\laragon\www\kampus-bersama\vendor\codeigniter4\framework\system\Validation\Validation.php(315): CodeIgniter\Validation\Rules->is_unique('mufidz@amikompu...', 'email', Array, NULL, 'inputEmailMahas...')
#6 C:\laragon\www\kampus-bersama\vendor\codeigniter4\framework\system\Validation\Validation.php(175): CodeIgniter\Validation\Validation->processRules('inputEmailMahas...', 'Email', 'mufidz@amikompu...', Array, Array)
#7 C:\laragon\www\kampus-bersama\app\Controllers\Registrasi.php(69): CodeIgniter\Validation\Validation->run()
#8 C:\laragon\www\kampus-bersama\vendor\codeigniter4\framework\system\CodeIgniter.php(902): App\Controllers\Registrasi->registrasi_learner()
#9 C:\laragon\www\kampus-bersama\vendor\codeigniter4\framework\system\CodeIgniter.php(457): CodeIgniter\CodeIgniter->runController(Object(App\Controllers\Registrasi))
#10 C:\laragon\www\kampus-bersama\vendor\codeigniter4\framework\system\CodeIgniter.php(340): CodeIgniter\CodeIgniter->handleRequest(NULL, Object(Config\Cache), false)
#11 C:\laragon\www\kampus-bersama\public\index.php(67): CodeIgniter\CodeIgniter->run()
#12 {main}

Next CodeIgniter\Database\Exceptions\DatabaseException: Access denied for user '****'@'localhost' (using password: YES) in C:\laragon\www\kampus-bersama\vendor\codeigniter4\framework\system\Database\MySQLi\Connection.php:215
Stack trace:
#0 C:\laragon\www\kampus-bersama\vendor\codeigniter4\framework\system\Database\BaseConnection.php(382): CodeIgniter\Database\MySQLi\Connection->connect(false)
#1 C:\laragon\www\kampus-bersama\vendor\codeigniter4\framework\system\Database\BaseConnection.php(588): CodeIgniter\Database\BaseConnection->initialize()
#2 C:\laragon\www\kampus-bersama\vendor\codeigniter4\framework\system\Database\BaseBuilder.php(1585): CodeIgniter\Database\BaseConnection->query('SELECT 1\nFROM `...', Array, false)
#3 C:\laragon\www\kampus-bersama\vendor\codeigniter4\framework\system\Validation\Rules.php(142): CodeIgniter\Database\BaseBuilder->get()
#4 C:\laragon\www\kampus-bersama\vendor\codeigniter4\framework\system\Validation\Validation.php(315): CodeIgniter\Validation\Rules->is_unique('mufidz@amikompu...', 'email', Array, NULL, 'inputEmailMahas...')
#5 C:\laragon\www\kampus-bersama\vendor\codeigniter4\framework\system\Validation\Validation.php(175): CodeIgniter\Validation\Validation->processRules('inputEmailMahas...', 'Email', 'mufidz@amikompu...', Array, Array)
#6 C:\laragon\www\kampus-bersama\app\Controllers\Registrasi.php(69): CodeIgniter\Validation\Validation->run()
#7 C:\laragon\www\kampus-bersama\vendor\codeigniter4\framework\system\CodeIgniter.php(902): App\Controllers\Registrasi->registrasi_learner()
#8 C:\laragon\www\kampus-bersama\vendor\codeigniter4\framework\system\CodeIgniter.php(457): CodeIgniter\CodeIgniter->runController(Object(App\Controllers\Registrasi))
#9 C:\laragon\www\kampus-bersama\vendor\codeigniter4\framework\system\CodeIgniter.php(340): CodeIgniter\CodeIgniter->handleRequest(NULL, Object(Config\Cache), false)
#10 C:\laragon\www\kampus-bersama\public\index.php(67): CodeIgniter\CodeIgniter->run()
#11 {main}
CRITICAL - 2022-10-23 02:19:12 --> Unable to connect to the database.
Main connection [MySQLi]: Access denied for user '****'@'localhost' (using password: YES)
in SYSTEMPATH\Database\BaseConnection.php on line 418.
 1 SYSTEMPATH\Database\BaseConnection.php(588): CodeIgniter\Database\BaseConnection->initialize()
 2 SYSTEMPATH\Database\BaseBuilder.php(1585): CodeIgniter\Database\BaseConnection->query('SELECT 1
FROM `user_learner`
WHERE `email` = :email:
 LIMIT 1', [...], false)
 3 SYSTEMPATH\Validation\Rules.php(142): CodeIgniter\Database\BaseBuilder->get()
 4 SYSTEMPATH\Validation\Validation.php(315): CodeIgniter\Validation\Rules->is_unique('mufidz@amikompurwokerto.ac.id', 'email', [...], null, 'inputEmailMahasiswa')
 5 SYSTEMPATH\Validation\Validation.php(175): CodeIgniter\Validation\Validation->processRules('inputEmailMahasiswa', 'Email', 'mufidz@amikompurwokerto.ac.id', [...], [...])
 6 APPPATH\Controllers\Registrasi.php(69): CodeIgniter\Validation\Validation->run()
 7 SYSTEMPATH\CodeIgniter.php(902): App\Controllers\Registrasi->registrasi_learner()
 8 SYSTEMPATH\CodeIgniter.php(457): CodeIgniter\CodeIgniter->runController(Object(App\Controllers\Registrasi))
 9 SYSTEMPATH\CodeIgniter.php(340): CodeIgniter\CodeIgniter->handleRequest(null, Object(Config\Cache), false)
10 FCPATH\index.php(67): CodeIgniter\CodeIgniter->run()
ERROR - 2022-10-23 02:19:21 --> Error connecting to the database: mysqli_sql_exception: Access denied for user 'root'@'localhost' (using password: YES) in C:\laragon\www\kampus-bersama\vendor\codeigniter4\framework\system\Database\MySQLi\Connection.php:171
Stack trace:
#0 C:\laragon\www\kampus-bersama\vendor\codeigniter4\framework\system\Database\MySQLi\Connection.php(171): mysqli->real_connect('localhost', 'root', 'root', 'ci4', 3306, '', 0)
#1 C:\laragon\www\kampus-bersama\vendor\codeigniter4\framework\system\Database\BaseConnection.php(382): CodeIgniter\Database\MySQLi\Connection->connect(false)
#2 C:\laragon\www\kampus-bersama\vendor\codeigniter4\framework\system\Database\BaseConnection.php(588): CodeIgniter\Database\BaseConnection->initialize()
#3 C:\laragon\www\kampus-bersama\vendor\codeigniter4\framework\system\Database\BaseBuilder.php(1585): CodeIgniter\Database\BaseConnection->query('SELECT 1\nFROM `...', Array, false)
#4 C:\laragon\www\kampus-bersama\vendor\codeigniter4\framework\system\Validation\Rules.php(142): CodeIgniter\Database\BaseBuilder->get()
#5 C:\laragon\www\kampus-bersama\vendor\codeigniter4\framework\system\Validation\Validation.php(315): CodeIgniter\Validation\Rules->is_unique('mufidz@amikompu...', 'email', Array, NULL, 'inputEmailMahas...')
#6 C:\laragon\www\kampus-bersama\vendor\codeigniter4\framework\system\Validation\Validation.php(175): CodeIgniter\Validation\Validation->processRules('inputEmailMahas...', 'Email', 'mufidz@amikompu...', Array, Array)
#7 C:\laragon\www\kampus-bersama\app\Controllers\Registrasi.php(69): CodeIgniter\Validation\Validation->run()
#8 C:\laragon\www\kampus-bersama\vendor\codeigniter4\framework\system\CodeIgniter.php(902): App\Controllers\Registrasi->registrasi_learner()
#9 C:\laragon\www\kampus-bersama\vendor\codeigniter4\framework\system\CodeIgniter.php(457): CodeIgniter\CodeIgniter->runController(Object(App\Controllers\Registrasi))
#10 C:\laragon\www\kampus-bersama\vendor\codeigniter4\framework\system\CodeIgniter.php(340): CodeIgniter\CodeIgniter->handleRequest(NULL, Object(Config\Cache), false)
#11 C:\laragon\www\kampus-bersama\public\index.php(67): CodeIgniter\CodeIgniter->run()
#12 {main}

Next CodeIgniter\Database\Exceptions\DatabaseException: Access denied for user '****'@'localhost' (using password: YES) in C:\laragon\www\kampus-bersama\vendor\codeigniter4\framework\system\Database\MySQLi\Connection.php:215
Stack trace:
#0 C:\laragon\www\kampus-bersama\vendor\codeigniter4\framework\system\Database\BaseConnection.php(382): CodeIgniter\Database\MySQLi\Connection->connect(false)
#1 C:\laragon\www\kampus-bersama\vendor\codeigniter4\framework\system\Database\BaseConnection.php(588): CodeIgniter\Database\BaseConnection->initialize()
#2 C:\laragon\www\kampus-bersama\vendor\codeigniter4\framework\system\Database\BaseBuilder.php(1585): CodeIgniter\Database\BaseConnection->query('SELECT 1\nFROM `...', Array, false)
#3 C:\laragon\www\kampus-bersama\vendor\codeigniter4\framework\system\Validation\Rules.php(142): CodeIgniter\Database\BaseBuilder->get()
#4 C:\laragon\www\kampus-bersama\vendor\codeigniter4\framework\system\Validation\Validation.php(315): CodeIgniter\Validation\Rules->is_unique('mufidz@amikompu...', 'email', Array, NULL, 'inputEmailMahas...')
#5 C:\laragon\www\kampus-bersama\vendor\codeigniter4\framework\system\Validation\Validation.php(175): CodeIgniter\Validation\Validation->processRules('inputEmailMahas...', 'Email', 'mufidz@amikompu...', Array, Array)
#6 C:\laragon\www\kampus-bersama\app\Controllers\Registrasi.php(69): CodeIgniter\Validation\Validation->run()
#7 C:\laragon\www\kampus-bersama\vendor\codeigniter4\framework\system\CodeIgniter.php(902): App\Controllers\Registrasi->registrasi_learner()
#8 C:\laragon\www\kampus-bersama\vendor\codeigniter4\framework\system\CodeIgniter.php(457): CodeIgniter\CodeIgniter->runController(Object(App\Controllers\Registrasi))
#9 C:\laragon\www\kampus-bersama\vendor\codeigniter4\framework\system\CodeIgniter.php(340): CodeIgniter\CodeIgniter->handleRequest(NULL, Object(Config\Cache), false)
#10 C:\laragon\www\kampus-bersama\public\index.php(67): CodeIgniter\CodeIgniter->run()
#11 {main}
CRITICAL - 2022-10-23 02:19:21 --> Unable to connect to the database.
Main connection [MySQLi]: Access denied for user '****'@'localhost' (using password: YES)
in SYSTEMPATH\Database\BaseConnection.php on line 418.
 1 SYSTEMPATH\Database\BaseConnection.php(588): CodeIgniter\Database\BaseConnection->initialize()
 2 SYSTEMPATH\Database\BaseBuilder.php(1585): CodeIgniter\Database\BaseConnection->query('SELECT 1
FROM `user_learner`
WHERE `email` = :email:
 LIMIT 1', [...], false)
 3 SYSTEMPATH\Validation\Rules.php(142): CodeIgniter\Database\BaseBuilder->get()
 4 SYSTEMPATH\Validation\Validation.php(315): CodeIgniter\Validation\Rules->is_unique('mufidz@amikompurwokerto.ac.id', 'email', [...], null, 'inputEmailMahasiswa')
 5 SYSTEMPATH\Validation\Validation.php(175): CodeIgniter\Validation\Validation->processRules('inputEmailMahasiswa', 'Email', 'mufidz@amikompurwokerto.ac.id', [...], [...])
 6 APPPATH\Controllers\Registrasi.php(69): CodeIgniter\Validation\Validation->run()
 7 SYSTEMPATH\CodeIgniter.php(902): App\Controllers\Registrasi->registrasi_learner()
 8 SYSTEMPATH\CodeIgniter.php(457): CodeIgniter\CodeIgniter->runController(Object(App\Controllers\Registrasi))
 9 SYSTEMPATH\CodeIgniter.php(340): CodeIgniter\CodeIgniter->handleRequest(null, Object(Config\Cache), false)
10 FCPATH\index.php(67): CodeIgniter\CodeIgniter->run()
ERROR - 2022-10-23 02:19:59 --> Error connecting to the database: ErrorException: mysqli::real_connect(): php_network_getaddresses: getaddrinfo failed: No such host is known.  in C:\laragon\www\kampus-bersama\vendor\codeigniter4\framework\system\Database\MySQLi\Connection.php:171
Stack trace:
#0 [internal function]: CodeIgniter\Debug\Exceptions->errorHandler(2, 'mysqli::real_co...', 'C:\\laragon\\www\\...', 171, Array)
#1 C:\laragon\www\kampus-bersama\vendor\codeigniter4\framework\system\Database\MySQLi\Connection.php(171): mysqli->real_connect('http://127.0.0....', 'root', 'root', 'ci4', 3306, '', 0)
#2 C:\laragon\www\kampus-bersama\vendor\codeigniter4\framework\system\Database\BaseConnection.php(382): CodeIgniter\Database\MySQLi\Connection->connect(false)
#3 C:\laragon\www\kampus-bersama\vendor\codeigniter4\framework\system\Database\BaseConnection.php(588): CodeIgniter\Database\BaseConnection->initialize()
#4 C:\laragon\www\kampus-bersama\vendor\codeigniter4\framework\system\Database\BaseBuilder.php(1585): CodeIgniter\Database\BaseConnection->query('SELECT 1\nFROM `...', Array, false)
#5 C:\laragon\www\kampus-bersama\vendor\codeigniter4\framework\system\Validation\Rules.php(142): CodeIgniter\Database\BaseBuilder->get()
#6 C:\laragon\www\kampus-bersama\vendor\codeigniter4\framework\system\Validation\Validation.php(315): CodeIgniter\Validation\Rules->is_unique('mufidz@amikompu...', 'email', Array, NULL, 'inputEmailMahas...')
#7 C:\laragon\www\kampus-bersama\vendor\codeigniter4\framework\system\Validation\Validation.php(175): CodeIgniter\Validation\Validation->processRules('inputEmailMahas...', 'Email', 'mufidz@amikompu...', Array, Array)
#8 C:\laragon\www\kampus-bersama\app\Controllers\Registrasi.php(69): CodeIgniter\Validation\Validation->run()
#9 C:\laragon\www\kampus-bersama\vendor\codeigniter4\framework\system\CodeIgniter.php(902): App\Controllers\Registrasi->registrasi_learner()
#10 C:\laragon\www\kampus-bersama\vendor\codeigniter4\framework\system\CodeIgniter.php(457): CodeIgniter\CodeIgniter->runController(Object(App\Controllers\Registrasi))
#11 C:\laragon\www\kampus-bersama\vendor\codeigniter4\framework\system\CodeIgniter.php(340): CodeIgniter\CodeIgniter->handleRequest(NULL, Object(Config\Cache), false)
#12 C:\laragon\www\kampus-bersama\public\index.php(67): CodeIgniter\CodeIgniter->run()
#13 {main}

Next mysqli_sql_exception: php_network_getaddresses: getaddrinfo failed: No such host is known.  in C:\laragon\www\kampus-bersama\vendor\codeigniter4\framework\system\Database\MySQLi\Connection.php:171
Stack trace:
#0 C:\laragon\www\kampus-bersama\vendor\codeigniter4\framework\system\Database\MySQLi\Connection.php(171): mysqli->real_connect('http://127.0.0....', 'root', 'root', 'ci4', 3306, '', 0)
#1 C:\laragon\www\kampus-bersama\vendor\codeigniter4\framework\system\Database\BaseConnection.php(382): CodeIgniter\Database\MySQLi\Connection->connect(false)
#2 C:\laragon\www\kampus-bersama\vendor\codeigniter4\framework\system\Database\BaseConnection.php(588): CodeIgniter\Database\BaseConnection->initialize()
#3 C:\laragon\www\kampus-bersama\vendor\codeigniter4\framework\system\Database\BaseBuilder.php(1585): CodeIgniter\Database\BaseConnection->query('SELECT 1\nFROM `...', Array, false)
#4 C:\laragon\www\kampus-bersama\vendor\codeigniter4\framework\system\Validation\Rules.php(142): CodeIgniter\Database\BaseBuilder->get()
#5 C:\laragon\www\kampus-bersama\vendor\codeigniter4\framework\system\Validation\Validation.php(315): CodeIgniter\Validation\Rules->is_unique('mufidz@amikompu...', 'email', Array, NULL, 'inputEmailMahas...')
#6 C:\laragon\www\kampus-bersama\vendor\codeigniter4\framework\system\Validation\Validation.php(175): CodeIgniter\Validation\Validation->processRules('inputEmailMahas...', 'Email', 'mufidz@amikompu...', Array, Array)
#7 C:\laragon\www\kampus-bersama\app\Controllers\Registrasi.php(69): CodeIgniter\Validation\Validation->run()
#8 C:\laragon\www\kampus-bersama\vendor\codeigniter4\framework\system\CodeIgniter.php(902): App\Controllers\Registrasi->registrasi_learner()
#9 C:\laragon\www\kampus-bersama\vendor\codeigniter4\framework\system\CodeIgniter.php(457): CodeIgniter\CodeIgniter->runController(Object(App\Controllers\Registrasi))
#10 C:\laragon\www\kampus-bersama\vendor\codeigniter4\framework\system\CodeIgniter.php(340): CodeIgniter\CodeIgniter->handleRequest(NULL, Object(Config\Cache), false)
#11 C:\laragon\www\kampus-bersama\public\index.php(67): CodeIgniter\CodeIgniter->run()
#12 {main}

Next CodeIgniter\Database\Exceptions\DatabaseException: php_network_getaddresses: getaddrinfo failed: No such host is known.  in C:\laragon\www\kampus-bersama\vendor\codeigniter4\framework\system\Database\MySQLi\Connection.php:215
Stack trace:
#0 C:\laragon\www\kampus-bersama\vendor\codeigniter4\framework\system\Database\BaseConnection.php(382): CodeIgniter\Database\MySQLi\Connection->connect(false)
#1 C:\laragon\www\kampus-bersama\vendor\codeigniter4\framework\system\Database\BaseConnection.php(588): CodeIgniter\Database\BaseConnection->initialize()
#2 C:\laragon\www\kampus-bersama\vendor\codeigniter4\framework\system\Database\BaseBuilder.php(1585): CodeIgniter\Database\BaseConnection->query('SELECT 1\nFROM `...', Array, false)
#3 C:\laragon\www\kampus-bersama\vendor\codeigniter4\framework\system\Validation\Rules.php(142): CodeIgniter\Database\BaseBuilder->get()
#4 C:\laragon\www\kampus-bersama\vendor\codeigniter4\framework\system\Validation\Validation.php(315): CodeIgniter\Validation\Rules->is_unique('mufidz@amikompu...', 'email', Array, NULL, 'inputEmailMahas...')
#5 C:\laragon\www\kampus-bersama\vendor\codeigniter4\framework\system\Validation\Validation.php(175): CodeIgniter\Validation\Validation->processRules('inputEmailMahas...', 'Email', 'mufidz@amikompu...', Array, Array)
#6 C:\laragon\www\kampus-bersama\app\Controllers\Registrasi.php(69): CodeIgniter\Validation\Validation->run()
#7 C:\laragon\www\kampus-bersama\vendor\codeigniter4\framework\system\CodeIgniter.php(902): App\Controllers\Registrasi->registrasi_learner()
#8 C:\laragon\www\kampus-bersama\vendor\codeigniter4\framework\system\CodeIgniter.php(457): CodeIgniter\CodeIgniter->runController(Object(App\Controllers\Registrasi))
#9 C:\laragon\www\kampus-bersama\vendor\codeigniter4\framework\system\CodeIgniter.php(340): CodeIgniter\CodeIgniter->handleRequest(NULL, Object(Config\Cache), false)
#10 C:\laragon\www\kampus-bersama\public\index.php(67): CodeIgniter\CodeIgniter->run()
#11 {main}
CRITICAL - 2022-10-23 02:19:59 --> Unable to connect to the database.
Main connection [MySQLi]: php_network_getaddresses: getaddrinfo failed: No such host is known. 
in SYSTEMPATH\Database\BaseConnection.php on line 418.
 1 SYSTEMPATH\Database\BaseConnection.php(588): CodeIgniter\Database\BaseConnection->initialize()
 2 SYSTEMPATH\Database\BaseBuilder.php(1585): CodeIgniter\Database\BaseConnection->query('SELECT 1
FROM `user_learner`
WHERE `email` = :email:
 LIMIT 1', [...], false)
 3 SYSTEMPATH\Validation\Rules.php(142): CodeIgniter\Database\BaseBuilder->get()
 4 SYSTEMPATH\Validation\Validation.php(315): CodeIgniter\Validation\Rules->is_unique('mufidz@amikompurwokerto.ac.id', 'email', [...], null, 'inputEmailMahasiswa')
 5 SYSTEMPATH\Validation\Validation.php(175): CodeIgniter\Validation\Validation->processRules('inputEmailMahasiswa', 'Email', 'mufidz@amikompurwokerto.ac.id', [...], [...])
 6 APPPATH\Controllers\Registrasi.php(69): CodeIgniter\Validation\Validation->run()
 7 SYSTEMPATH\CodeIgniter.php(902): App\Controllers\Registrasi->registrasi_learner()
 8 SYSTEMPATH\CodeIgniter.php(457): CodeIgniter\CodeIgniter->runController(Object(App\Controllers\Registrasi))
 9 SYSTEMPATH\CodeIgniter.php(340): CodeIgniter\CodeIgniter->handleRequest(null, Object(Config\Cache), false)
10 FCPATH\index.php(67): CodeIgniter\CodeIgniter->run()
ERROR - 2022-10-23 02:20:43 --> Error connecting to the database: ErrorException: mysqli::real_connect(): php_network_getaddresses: getaddrinfo failed: No such host is known.  in C:\laragon\www\kampus-bersama\vendor\codeigniter4\framework\system\Database\MySQLi\Connection.php:171
Stack trace:
#0 [internal function]: CodeIgniter\Debug\Exceptions->errorHandler(2, 'mysqli::real_co...', 'C:\\laragon\\www\\...', 171, Array)
#1 C:\laragon\www\kampus-bersama\vendor\codeigniter4\framework\system\Database\MySQLi\Connection.php(171): mysqli->real_connect('http://localhos...', 'root', 'root', 'ci4', 3306, '', 0)
#2 C:\laragon\www\kampus-bersama\vendor\codeigniter4\framework\system\Database\BaseConnection.php(382): CodeIgniter\Database\MySQLi\Connection->connect(false)
#3 C:\laragon\www\kampus-bersama\vendor\codeigniter4\framework\system\Database\BaseConnection.php(588): CodeIgniter\Database\BaseConnection->initialize()
#4 C:\laragon\www\kampus-bersama\vendor\codeigniter4\framework\system\Database\BaseBuilder.php(1585): CodeIgniter\Database\BaseConnection->query('SELECT 1\nFROM `...', Array, false)
#5 C:\laragon\www\kampus-bersama\vendor\codeigniter4\framework\system\Validation\Rules.php(142): CodeIgniter\Database\BaseBuilder->get()
#6 C:\laragon\www\kampus-bersama\vendor\codeigniter4\framework\system\Validation\Validation.php(315): CodeIgniter\Validation\Rules->is_unique('mufidz@amikompu...', 'email', Array, NULL, 'inputEmailMahas...')
#7 C:\laragon\www\kampus-bersama\vendor\codeigniter4\framework\system\Validation\Validation.php(175): CodeIgniter\Validation\Validation->processRules('inputEmailMahas...', 'Email', 'mufidz@amikompu...', Array, Array)
#8 C:\laragon\www\kampus-bersama\app\Controllers\Registrasi.php(69): CodeIgniter\Validation\Validation->run()
#9 C:\laragon\www\kampus-bersama\vendor\codeigniter4\framework\system\CodeIgniter.php(902): App\Controllers\Registrasi->registrasi_learner()
#10 C:\laragon\www\kampus-bersama\vendor\codeigniter4\framework\system\CodeIgniter.php(457): CodeIgniter\CodeIgniter->runController(Object(App\Controllers\Registrasi))
#11 C:\laragon\www\kampus-bersama\vendor\codeigniter4\framework\system\CodeIgniter.php(340): CodeIgniter\CodeIgniter->handleRequest(NULL, Object(Config\Cache), false)
#12 C:\laragon\www\kampus-bersama\public\index.php(67): CodeIgniter\CodeIgniter->run()
#13 {main}

Next mysqli_sql_exception: php_network_getaddresses: getaddrinfo failed: No such host is known.  in C:\laragon\www\kampus-bersama\vendor\codeigniter4\framework\system\Database\MySQLi\Connection.php:171
Stack trace:
#0 C:\laragon\www\kampus-bersama\vendor\codeigniter4\framework\system\Database\MySQLi\Connection.php(171): mysqli->real_connect('http://localhos...', 'root', 'root', 'ci4', 3306, '', 0)
#1 C:\laragon\www\kampus-bersama\vendor\codeigniter4\framework\system\Database\BaseConnection.php(382): CodeIgniter\Database\MySQLi\Connection->connect(false)
#2 C:\laragon\www\kampus-bersama\vendor\codeigniter4\framework\system\Database\BaseConnection.php(588): CodeIgniter\Database\BaseConnection->initialize()
#3 C:\laragon\www\kampus-bersama\vendor\codeigniter4\framework\system\Database\BaseBuilder.php(1585): CodeIgniter\Database\BaseConnection->query('SELECT 1\nFROM `...', Array, false)
#4 C:\laragon\www\kampus-bersama\vendor\codeigniter4\framework\system\Validation\Rules.php(142): CodeIgniter\Database\BaseBuilder->get()
#5 C:\laragon\www\kampus-bersama\vendor\codeigniter4\framework\system\Validation\Validation.php(315): CodeIgniter\Validation\Rules->is_unique('mufidz@amikompu...', 'email', Array, NULL, 'inputEmailMahas...')
#6 C:\laragon\www\kampus-bersama\vendor\codeigniter4\framework\system\Validation\Validation.php(175): CodeIgniter\Validation\Validation->processRules('inputEmailMahas...', 'Email', 'mufidz@amikompu...', Array, Array)
#7 C:\laragon\www\kampus-bersama\app\Controllers\Registrasi.php(69): CodeIgniter\Validation\Validation->run()
#8 C:\laragon\www\kampus-bersama\vendor\codeigniter4\framework\system\CodeIgniter.php(902): App\Controllers\Registrasi->registrasi_learner()
#9 C:\laragon\www\kampus-bersama\vendor\codeigniter4\framework\system\CodeIgniter.php(457): CodeIgniter\CodeIgniter->runController(Object(App\Controllers\Registrasi))
#10 C:\laragon\www\kampus-bersama\vendor\codeigniter4\framework\system\CodeIgniter.php(340): CodeIgniter\CodeIgniter->handleRequest(NULL, Object(Config\Cache), false)
#11 C:\laragon\www\kampus-bersama\public\index.php(67): CodeIgniter\CodeIgniter->run()
#12 {main}

Next CodeIgniter\Database\Exceptions\DatabaseException: php_network_getaddresses: getaddrinfo failed: No such host is known.  in C:\laragon\www\kampus-bersama\vendor\codeigniter4\framework\system\Database\MySQLi\Connection.php:215
Stack trace:
#0 C:\laragon\www\kampus-bersama\vendor\codeigniter4\framework\system\Database\BaseConnection.php(382): CodeIgniter\Database\MySQLi\Connection->connect(false)
#1 C:\laragon\www\kampus-bersama\vendor\codeigniter4\framework\system\Database\BaseConnection.php(588): CodeIgniter\Database\BaseConnection->initialize()
#2 C:\laragon\www\kampus-bersama\vendor\codeigniter4\framework\system\Database\BaseBuilder.php(1585): CodeIgniter\Database\BaseConnection->query('SELECT 1\nFROM `...', Array, false)
#3 C:\laragon\www\kampus-bersama\vendor\codeigniter4\framework\system\Validation\Rules.php(142): CodeIgniter\Database\BaseBuilder->get()
#4 C:\laragon\www\kampus-bersama\vendor\codeigniter4\framework\system\Validation\Validation.php(315): CodeIgniter\Validation\Rules->is_unique('mufidz@amikompu...', 'email', Array, NULL, 'inputEmailMahas...')
#5 C:\laragon\www\kampus-bersama\vendor\codeigniter4\framework\system\Validation\Validation.php(175): CodeIgniter\Validation\Validation->processRules('inputEmailMahas...', 'Email', 'mufidz@amikompu...', Array, Array)
#6 C:\laragon\www\kampus-bersama\app\Controllers\Registrasi.php(69): CodeIgniter\Validation\Validation->run()
#7 C:\laragon\www\kampus-bersama\vendor\codeigniter4\framework\system\CodeIgniter.php(902): App\Controllers\Registrasi->registrasi_learner()
#8 C:\laragon\www\kampus-bersama\vendor\codeigniter4\framework\system\CodeIgniter.php(457): CodeIgniter\CodeIgniter->runController(Object(App\Controllers\Registrasi))
#9 C:\laragon\www\kampus-bersama\vendor\codeigniter4\framework\system\CodeIgniter.php(340): CodeIgniter\CodeIgniter->handleRequest(NULL, Object(Config\Cache), false)
#10 C:\laragon\www\kampus-bersama\public\index.php(67): CodeIgniter\CodeIgniter->run()
#11 {main}
CRITICAL - 2022-10-23 02:20:43 --> Unable to connect to the database.
Main connection [MySQLi]: php_network_getaddresses: getaddrinfo failed: No such host is known. 
in SYSTEMPATH\Database\BaseConnection.php on line 418.
 1 SYSTEMPATH\Database\BaseConnection.php(588): CodeIgniter\Database\BaseConnection->initialize()
 2 SYSTEMPATH\Database\BaseBuilder.php(1585): CodeIgniter\Database\BaseConnection->query('SELECT 1
FROM `user_learner`
WHERE `email` = :email:
 LIMIT 1', [...], false)
 3 SYSTEMPATH\Validation\Rules.php(142): CodeIgniter\Database\BaseBuilder->get()
 4 SYSTEMPATH\Validation\Validation.php(315): CodeIgniter\Validation\Rules->is_unique('mufidz@amikompurwokerto.ac.id', 'email', [...], null, 'inputEmailMahasiswa')
 5 SYSTEMPATH\Validation\Validation.php(175): CodeIgniter\Validation\Validation->processRules('inputEmailMahasiswa', 'Email', 'mufidz@amikompurwokerto.ac.id', [...], [...])
 6 APPPATH\Controllers\Registrasi.php(69): CodeIgniter\Validation\Validation->run()
 7 SYSTEMPATH\CodeIgniter.php(902): App\Controllers\Registrasi->registrasi_learner()
 8 SYSTEMPATH\CodeIgniter.php(457): CodeIgniter\CodeIgniter->runController(Object(App\Controllers\Registrasi))
 9 SYSTEMPATH\CodeIgniter.php(340): CodeIgniter\CodeIgniter->handleRequest(null, Object(Config\Cache), false)
10 FCPATH\index.php(67): CodeIgniter\CodeIgniter->run()
CRITICAL - 2022-10-23 02:24:20 --> Undefined index: inputTelpMahasiswa
in APPPATH\Controllers\Registrasi.php on line 88.
 1 APPPATH\Controllers\Registrasi.php(88): CodeIgniter\Debug\Exceptions->errorHandler(8, 'Undefined index: inputTelpMahasiswa', 'APPPATH\\Controllers\\Registrasi.php', 88, [...])
 2 SYSTEMPATH\CodeIgniter.php(902): App\Controllers\Registrasi->registrasi_learner()
 3 SYSTEMPATH\CodeIgniter.php(457): CodeIgniter\CodeIgniter->runController(Object(App\Controllers\Registrasi))
 4 SYSTEMPATH\CodeIgniter.php(340): CodeIgniter\CodeIgniter->handleRequest(null, Object(Config\Cache), false)
 5 FCPATH\index.php(67): CodeIgniter\CodeIgniter->run()
CRITICAL - 2022-10-23 02:40:27 --> Undefined variable: _SESSION
in APPPATH\Controllers\Dashboard.php on line 16.
 1 APPPATH\Controllers\Dashboard.php(16): CodeIgniter\Debug\Exceptions->errorHandler(8, 'Undefined variable: _SESSION', 'APPPATH\\Controllers\\Dashboard.php', 16, [])
 2 SYSTEMPATH\CodeIgniter.php(902): App\Controllers\Dashboard->index()
 3 SYSTEMPATH\CodeIgniter.php(457): CodeIgniter\CodeIgniter->runController(Object(App\Controllers\Dashboard))
 4 SYSTEMPATH\CodeIgniter.php(340): CodeIgniter\CodeIgniter->handleRequest(null, Object(Config\Cache), false)
 5 FCPATH\index.php(67): CodeIgniter\CodeIgniter->run()
CRITICAL - 2022-10-23 02:41:54 --> Undefined variable: _SESSION
in APPPATH\Controllers\Dashboard.php on line 16.
 1 APPPATH\Controllers\Dashboard.php(16): CodeIgniter\Debug\Exceptions->errorHandler(8, 'Undefined variable: _SESSION', 'APPPATH\\Controllers\\Dashboard.php', 16, [])
 2 SYSTEMPATH\CodeIgniter.php(902): App\Controllers\Dashboard->index()
 3 SYSTEMPATH\CodeIgniter.php(457): CodeIgniter\CodeIgniter->runController(Object(App\Controllers\Dashboard))
 4 SYSTEMPATH\CodeIgniter.php(340): CodeIgniter\CodeIgniter->handleRequest(null, Object(Config\Cache), false)
 5 FCPATH\index.php(67): CodeIgniter\CodeIgniter->run()
CRITICAL - 2022-10-23 02:44:02 --> Cannot use isset() on the result of an expression (you can use "null !== expression" instead)
in APPPATH\Controllers\Dashboard.php on line 18.
 1 [internal function]: CodeIgniter\Debug\Exceptions->shutdownHandler()
CRITICAL - 2022-10-23 12:42:01 --> Undefined variable: login_data
in APPPATH\Controllers\Auth.php on line 28.
 1 APPPATH\Controllers\Auth.php(28): CodeIgniter\Debug\Exceptions->errorHandler(8, 'Undefined variable: login_data', 'APPPATH\\Controllers\\Auth.php', 28, [...])
 2 SYSTEMPATH\CodeIgniter.php(902): App\Controllers\Auth->login()
 3 SYSTEMPATH\CodeIgniter.php(457): CodeIgniter\CodeIgniter->runController(Object(App\Controllers\Auth))
 4 SYSTEMPATH\CodeIgniter.php(340): CodeIgniter\CodeIgniter->handleRequest(null, Object(Config\Cache), false)
 5 FCPATH\index.php(67): CodeIgniter\CodeIgniter->run()
CRITICAL - 2022-10-23 12:42:11 --> Undefined variable: login_data
in APPPATH\Controllers\Auth.php on line 28.
 1 APPPATH\Controllers\Auth.php(28): CodeIgniter\Debug\Exceptions->errorHandler(8, 'Undefined variable: login_data', 'APPPATH\\Controllers\\Auth.php', 28, [...])
 2 SYSTEMPATH\CodeIgniter.php(902): App\Controllers\Auth->login()
 3 SYSTEMPATH\CodeIgniter.php(457): CodeIgniter\CodeIgniter->runController(Object(App\Controllers\Auth))
 4 SYSTEMPATH\CodeIgniter.php(340): CodeIgniter\CodeIgniter->handleRequest(null, Object(Config\Cache), false)
 5 FCPATH\index.php(67): CodeIgniter\CodeIgniter->run()
CRITICAL - 2022-10-23 13:01:57 --> Undefined index: PASSWORD
in APPPATH\Controllers\Auth.php on line 29.
 1 APPPATH\Controllers\Auth.php(29): CodeIgniter\Debug\Exceptions->errorHandler(8, 'Undefined index: PASSWORD', 'APPPATH\\Controllers\\Auth.php', 29, [...])
 2 SYSTEMPATH\CodeIgniter.php(902): App\Controllers\Auth->login()
 3 SYSTEMPATH\CodeIgniter.php(457): CodeIgniter\CodeIgniter->runController(Object(App\Controllers\Auth))
 4 SYSTEMPATH\CodeIgniter.php(340): CodeIgniter\CodeIgniter->handleRequest(null, Object(Config\Cache), false)
 5 FCPATH\index.php(67): CodeIgniter\CodeIgniter->run()
CRITICAL - 2022-10-23 13:02:13 --> Undefined index: PASSWORD
in APPPATH\Controllers\Auth.php on line 29.
 1 APPPATH\Controllers\Auth.php(29): CodeIgniter\Debug\Exceptions->errorHandler(8, 'Undefined index: PASSWORD', 'APPPATH\\Controllers\\Auth.php', 29, [...])
 2 SYSTEMPATH\CodeIgniter.php(902): App\Controllers\Auth->login()
 3 SYSTEMPATH\CodeIgniter.php(457): CodeIgniter\CodeIgniter->runController(Object(App\Controllers\Auth))
 4 SYSTEMPATH\CodeIgniter.php(340): CodeIgniter\CodeIgniter->handleRequest(null, Object(Config\Cache), false)
 5 FCPATH\index.php(67): CodeIgniter\CodeIgniter->run()
CRITICAL - 2022-10-23 13:05:11 --> Undefined property: App\Controllers\Auth::$session
in APPPATH\Controllers\Auth.php on line 50.
 1 APPPATH\Controllers\Auth.php(50): CodeIgniter\Debug\Exceptions->errorHandler(8, 'Undefined property: App\\Controllers\\Auth::$session', 'APPPATH\\Controllers\\Auth.php', 50, [...])
 2 SYSTEMPATH\CodeIgniter.php(902): App\Controllers\Auth->logout()
 3 SYSTEMPATH\CodeIgniter.php(457): CodeIgniter\CodeIgniter->runController(Object(App\Controllers\Auth))
 4 SYSTEMPATH\CodeIgniter.php(340): CodeIgniter\CodeIgniter->handleRequest(null, Object(Config\Cache), false)
 5 FCPATH\index.php(67): CodeIgniter\CodeIgniter->run()
CRITICAL - 2022-10-23 13:10:05 --> Undefined property: CodeIgniter\View\View::$session
in APPPATH\Views\front_page.php on line 129.
 1 APPPATH\Views\front_page.php(129): CodeIgniter\Debug\Exceptions->errorHandler(8, 'Undefined property: CodeIgniter\\View\\View::$session', 'APPPATH\\Views\\front_page.php', 129, [...])
 2 SYSTEMPATH\View\View.php(213): include('APPPATH\\Views\\front_page.php')
 3 SYSTEMPATH\View\View.php(216): CodeIgniter\View\View->CodeIgniter\View\{closure}()
 4 SYSTEMPATH\Common.php(1142): CodeIgniter\View\View->render('front_page', [], true)
 5 APPPATH\Controllers\Home.php(18): view('front_page', [...])
 6 SYSTEMPATH\CodeIgniter.php(902): App\Controllers\Home->index()
 7 SYSTEMPATH\CodeIgniter.php(457): CodeIgniter\CodeIgniter->runController(Object(App\Controllers\Home))
 8 SYSTEMPATH\CodeIgniter.php(340): CodeIgniter\CodeIgniter->handleRequest(null, Object(Config\Cache), false)
 9 FCPATH\index.php(67): CodeIgniter\CodeIgniter->run()
CRITICAL - 2022-10-23 13:12:35 --> Undefined index: NAMA
in APPPATH\Views\front_page.php on line 129.
 1 APPPATH\Views\front_page.php(129): CodeIgniter\Debug\Exceptions->errorHandler(8, 'Undefined index: NAMA', 'APPPATH\\Views\\front_page.php', 129, [...])
 2 SYSTEMPATH\View\View.php(213): include('APPPATH\\Views\\front_page.php')
 3 SYSTEMPATH\View\View.php(216): CodeIgniter\View\View->CodeIgniter\View\{closure}()
 4 SYSTEMPATH\Common.php(1142): CodeIgniter\View\View->render('front_page', [], true)
 5 APPPATH\Controllers\Home.php(19): view('front_page', [...])
 6 SYSTEMPATH\CodeIgniter.php(902): App\Controllers\Home->index()
 7 SYSTEMPATH\CodeIgniter.php(457): CodeIgniter\CodeIgniter->runController(Object(App\Controllers\Home))
 8 SYSTEMPATH\CodeIgniter.php(340): CodeIgniter\CodeIgniter->handleRequest(null, Object(Config\Cache), false)
 9 FCPATH\index.php(67): CodeIgniter\CodeIgniter->run()
CRITICAL - 2022-10-23 13:19:10 --> Undefined variable: eser_role
in APPPATH\Views\front_page.php on line 194.
 1 APPPATH\Views\front_page.php(194): CodeIgniter\Debug\Exceptions->errorHandler(8, 'Undefined variable: eser_role', 'APPPATH\\Views\\front_page.php', 194, [...])
 2 SYSTEMPATH\View\View.php(213): include('APPPATH\\Views\\front_page.php')
 3 SYSTEMPATH\View\View.php(216): CodeIgniter\View\View->CodeIgniter\View\{closure}()
 4 SYSTEMPATH\Common.php(1142): CodeIgniter\View\View->render('front_page', [], true)
 5 APPPATH\Controllers\Home.php(19): view('front_page', [...])
 6 SYSTEMPATH\CodeIgniter.php(902): App\Controllers\Home->index()
 7 SYSTEMPATH\CodeIgniter.php(457): CodeIgniter\CodeIgniter->runController(Object(App\Controllers\Home))
 8 SYSTEMPATH\CodeIgniter.php(340): CodeIgniter\CodeIgniter->handleRequest(null, Object(Config\Cache), false)
 9 FCPATH\index.php(67): CodeIgniter\CodeIgniter->run()
CRITICAL - 2022-10-23 13:25:34 --> Undefined variable: session
in APPPATH\Views\kampus\layouts\topbar.php on line 328.
 1 APPPATH\Views\kampus\layouts\topbar.php(328): CodeIgniter\Debug\Exceptions->errorHandler(8, 'Undefined variable: session', 'APPPATH\\Views\\kampus\\layouts\\topbar.php', 328, [...])
 2 SYSTEMPATH\View\View.php(213): include('APPPATH\\Views\\kampus\\layouts\\topbar.php')
 3 SYSTEMPATH\View\View.php(216): CodeIgniter\View\View->CodeIgniter\View\{closure}()
 4 SYSTEMPATH\View\View.php(429): CodeIgniter\View\View->render('kampus/layouts/topbar', null, true)
 5 APPPATH\Views\kampus\layouts\layout.php(41): CodeIgniter\View\View->include('kampus/layouts/topbar')
 6 SYSTEMPATH\View\View.php(213): include('APPPATH\\Views\\kampus\\layouts\\layout.php')
 7 SYSTEMPATH\View\View.php(216): CodeIgniter\View\View->CodeIgniter\View\{closure}()
 8 SYSTEMPATH\View\View.php(229): CodeIgniter\View\View->render('kampus/layouts/layout', [], true)
 9 SYSTEMPATH\Common.php(1142): CodeIgniter\View\View->render('kampus/dashboard', [], true)
10 APPPATH\Controllers\Dashboard.php(21): view('kampus/dashboard', [...])
11 SYSTEMPATH\CodeIgniter.php(902): App\Controllers\Dashboard->index()
12 SYSTEMPATH\CodeIgniter.php(457): CodeIgniter\CodeIgniter->runController(Object(App\Controllers\Dashboard))
13 SYSTEMPATH\CodeIgniter.php(340): CodeIgniter\CodeIgniter->handleRequest(null, Object(Config\Cache), false)
14 FCPATH\index.php(67): CodeIgniter\CodeIgniter->run()
CRITICAL - 2022-10-23 13:26:02 --> Undefined variable: session
in APPPATH\Views\kampus\layouts\topbar.php on line 328.
 1 APPPATH\Views\kampus\layouts\topbar.php(328): CodeIgniter\Debug\Exceptions->errorHandler(8, 'Undefined variable: session', 'APPPATH\\Views\\kampus\\layouts\\topbar.php', 328, [...])
 2 SYSTEMPATH\View\View.php(213): include('APPPATH\\Views\\kampus\\layouts\\topbar.php')
 3 SYSTEMPATH\View\View.php(216): CodeIgniter\View\View->CodeIgniter\View\{closure}()
 4 SYSTEMPATH\View\View.php(429): CodeIgniter\View\View->render('kampus/layouts/topbar', null, true)
 5 APPPATH\Views\kampus\layouts\layout.php(41): CodeIgniter\View\View->include('kampus/layouts/topbar')
 6 SYSTEMPATH\View\View.php(213): include('APPPATH\\Views\\kampus\\layouts\\layout.php')
 7 SYSTEMPATH\View\View.php(216): CodeIgniter\View\View->CodeIgniter\View\{closure}()
 8 SYSTEMPATH\View\View.php(229): CodeIgniter\View\View->render('kampus/layouts/layout', [], true)
 9 SYSTEMPATH\Common.php(1142): CodeIgniter\View\View->render('kampus/dashboard', [], true)
10 APPPATH\Controllers\Dashboard.php(21): view('kampus/dashboard', [...])
11 SYSTEMPATH\CodeIgniter.php(902): App\Controllers\Dashboard->index()
12 SYSTEMPATH\CodeIgniter.php(457): CodeIgniter\CodeIgniter->runController(Object(App\Controllers\Dashboard))
13 SYSTEMPATH\CodeIgniter.php(340): CodeIgniter\CodeIgniter->handleRequest(null, Object(Config\Cache), false)
14 FCPATH\index.php(67): CodeIgniter\CodeIgniter->run()
CRITICAL - 2022-10-23 23:06:46 --> syntax error, unexpected ')'
in APPPATH\Views\kampus\layouts\sidebar.php on line 19.
 1 SYSTEMPATH\View\View.php(216): CodeIgniter\View\View->CodeIgniter\View\{closure}()
 2 SYSTEMPATH\View\View.php(429): CodeIgniter\View\View->render('kampus/layouts/sidebar', null, true)
 3 APPPATH\Views\kampus\layouts\layout.php(35): CodeIgniter\View\View->include('kampus/layouts/sidebar')
 4 SYSTEMPATH\View\View.php(213): include('APPPATH\\Views\\kampus\\layouts\\layout.php')
 5 SYSTEMPATH\View\View.php(216): CodeIgniter\View\View->CodeIgniter\View\{closure}()
 6 SYSTEMPATH\View\View.php(229): CodeIgniter\View\View->render('kampus/layouts/layout', [], true)
 7 SYSTEMPATH\Common.php(1142): CodeIgniter\View\View->render('kampus/dashboard', [], true)
 8 APPPATH\Controllers\Dashboard.php(22): view('kampus/dashboard', [...])
 9 SYSTEMPATH\CodeIgniter.php(902): App\Controllers\Dashboard->index()
10 SYSTEMPATH\CodeIgniter.php(457): CodeIgniter\CodeIgniter->runController(Object(App\Controllers\Dashboard))
11 SYSTEMPATH\CodeIgniter.php(340): CodeIgniter\CodeIgniter->handleRequest(null, Object(Config\Cache), false)
12 FCPATH\index.php(67): CodeIgniter\CodeIgniter->run()
CRITICAL - 2022-10-23 23:07:01 --> Undefined property: CodeIgniter\View\View::$uri
in APPPATH\Views\kampus\layouts\sidebar.php on line 2.
 1 APPPATH\Views\kampus\layouts\sidebar.php(2): CodeIgniter\Debug\Exceptions->errorHandler(8, 'Undefined property: CodeIgniter\\View\\View::$uri', 'APPPATH\\Views\\kampus\\layouts\\sidebar.php', 2, [...])
 2 SYSTEMPATH\View\View.php(213): include('APPPATH\\Views\\kampus\\layouts\\sidebar.php')
 3 SYSTEMPATH\View\View.php(216): CodeIgniter\View\View->CodeIgniter\View\{closure}()
 4 SYSTEMPATH\View\View.php(429): CodeIgniter\View\View->render('kampus/layouts/sidebar', null, true)
 5 APPPATH\Views\kampus\layouts\layout.php(35): CodeIgniter\View\View->include('kampus/layouts/sidebar')
 6 SYSTEMPATH\View\View.php(213): include('APPPATH\\Views\\kampus\\layouts\\layout.php')
 7 SYSTEMPATH\View\View.php(216): CodeIgniter\View\View->CodeIgniter\View\{closure}()
 8 SYSTEMPATH\View\View.php(229): CodeIgniter\View\View->render('kampus/layouts/layout', [], true)
 9 SYSTEMPATH\Common.php(1142): CodeIgniter\View\View->render('kampus/dashboard', [], true)
10 APPPATH\Controllers\Dashboard.php(22): view('kampus/dashboard', [...])
11 SYSTEMPATH\CodeIgniter.php(902): App\Controllers\Dashboard->index()
12 SYSTEMPATH\CodeIgniter.php(457): CodeIgniter\CodeIgniter->runController(Object(App\Controllers\Dashboard))
13 SYSTEMPATH\CodeIgniter.php(340): CodeIgniter\CodeIgniter->handleRequest(null, Object(Config\Cache), false)
14 FCPATH\index.php(67): CodeIgniter\CodeIgniter->run()
CRITICAL - 2022-10-23 23:20:00 --> Sebuah pembatas namespace adalah backslash (\), bukan slash (/). Rute penangan: \App\Controllers\Learner/Dashboard::index
in SYSTEMPATH\Router\Router.php on line 466.
 1 SYSTEMPATH\Router\Router.php(466): CodeIgniter\Router\Exceptions\RouterException::forInvalidControllerName('\\App\\Controllers\\Learner/Dashboard::index')
 2 SYSTEMPATH\Router\Router.php(181): CodeIgniter\Router\Router->checkRoutes('dashboard')
 3 SYSTEMPATH\CodeIgniter.php(777): CodeIgniter\Router\Router->handle('dashboard')
 4 SYSTEMPATH\CodeIgniter.php(406): CodeIgniter\CodeIgniter->tryToRouteIt(Object(CodeIgniter\Router\RouteCollection))
 5 SYSTEMPATH\CodeIgniter.php(340): CodeIgniter\CodeIgniter->handleRequest(null, Object(Config\Cache), false)
 6 FCPATH\index.php(67): CodeIgniter\CodeIgniter->run()
CRITICAL - 2022-10-23 23:31:20 --> Undefined variable: session
in APPPATH\Config\Routes.php on line 40.
 1 APPPATH\Config\Routes.php(40): CodeIgniter\Debug\Exceptions->errorHandler(8, 'Undefined variable: session', 'APPPATH\\Config\\Routes.php', 40, [...])
 2 SYSTEMPATH\CodeIgniter.php(764): require('APPPATH\\Config\\Routes.php')
 3 SYSTEMPATH\CodeIgniter.php(406): CodeIgniter\CodeIgniter->tryToRouteIt(Object(CodeIgniter\Router\RouteCollection))
 4 SYSTEMPATH\CodeIgniter.php(340): CodeIgniter\CodeIgniter->handleRequest(null, Object(Config\Cache), false)
 5 FCPATH\index.php(67): CodeIgniter\CodeIgniter->run()
CRITICAL - 2022-10-23 23:31:30 --> Undefined variable: _SESSION
in APPPATH\Config\Routes.php on line 40.
 1 APPPATH\Config\Routes.php(40): CodeIgniter\Debug\Exceptions->errorHandler(8, 'Undefined variable: _SESSION', 'APPPATH\\Config\\Routes.php', 40, [...])
 2 SYSTEMPATH\CodeIgniter.php(764): require('APPPATH\\Config\\Routes.php')
 3 SYSTEMPATH\CodeIgniter.php(406): CodeIgniter\CodeIgniter->tryToRouteIt(Object(CodeIgniter\Router\RouteCollection))
 4 SYSTEMPATH\CodeIgniter.php(340): CodeIgniter\CodeIgniter->handleRequest(null, Object(Config\Cache), false)
 5 FCPATH\index.php(67): CodeIgniter\CodeIgniter->run()
CRITICAL - 2022-10-23 23:37:12 --> Use of undefined constant condition - assumed 'condition' (this will throw an Error in a future version of PHP)
in APPPATH\Config\Routes.php on line 43.
 1 APPPATH\Config\Routes.php(43): CodeIgniter\Debug\Exceptions->errorHandler(2, 'Use of undefined constant condition - assumed \'condition\' (this will throw an Error in a future version of PHP)', 'APPPATH\\Config\\Routes.php', 43, [...])
 2 SYSTEMPATH\CodeIgniter.php(764): require('APPPATH\\Config\\Routes.php')
 3 SYSTEMPATH\CodeIgniter.php(406): CodeIgniter\CodeIgniter->tryToRouteIt(Object(CodeIgniter\Router\RouteCollection))
 4 SYSTEMPATH\CodeIgniter.php(340): CodeIgniter\CodeIgniter->handleRequest(null, Object(Config\Cache), false)
 5 FCPATH\index.php(67): CodeIgniter\CodeIgniter->run()
CRITICAL - 2022-10-23 23:41:23 --> Object of class CodeIgniter\Session\Session could not be converted to string
in APPPATH\Config\Routes.php on line 47.
 1 SYSTEMPATH\CodeIgniter.php(764): require()
 2 SYSTEMPATH\CodeIgniter.php(406): CodeIgniter\CodeIgniter->tryToRouteIt(Object(CodeIgniter\Router\RouteCollection))
 3 SYSTEMPATH\CodeIgniter.php(340): CodeIgniter\CodeIgniter->handleRequest(null, Object(Config\Cache), false)
 4 FCPATH\index.php(67): CodeIgniter\CodeIgniter->run()
CRITICAL - 2022-10-23 23:42:21 --> Call to undefined function Config\alert()
in APPPATH\Config\Routes.php on line 47.
 1 SYSTEMPATH\CodeIgniter.php(764): require()
 2 SYSTEMPATH\CodeIgniter.php(406): CodeIgniter\CodeIgniter->tryToRouteIt(Object(CodeIgniter\Router\RouteCollection))
 3 SYSTEMPATH\CodeIgniter.php(340): CodeIgniter\CodeIgniter->handleRequest(null, Object(Config\Cache), false)
 4 FCPATH\index.php(67): CodeIgniter\CodeIgniter->run()
CRITICAL - 2022-10-23 23:42:33 --> Object of class CodeIgniter\Session\Session could not be converted to string
in APPPATH\Config\Routes.php on line 47.
 1 SYSTEMPATH\CodeIgniter.php(764): require()
 2 SYSTEMPATH\CodeIgniter.php(406): CodeIgniter\CodeIgniter->tryToRouteIt(Object(CodeIgniter\Router\RouteCollection))
 3 SYSTEMPATH\CodeIgniter.php(340): CodeIgniter\CodeIgniter->handleRequest(null, Object(Config\Cache), false)
 4 FCPATH\index.php(67): CodeIgniter\CodeIgniter->run()
